<?xml version="1.0" encoding="UTF-8"?>
<!-- Generated by org.testng.reporters.JUnitReportReporter -->
<testsuite hostname="DESKTOP-032RF4C" failures="0" tests="5" name="com.training.runner.Runner" time="36.127" errors="0" timestamp="2022-05-30T16:09:39 PDT" skipped="0">
  <testcase classname="com.training.runner.Runner" name="runScenario" time="3.329"/>
  <system-out/>
  <testcase classname="com.training.runner.Runner" name="runScenario" time="11.750"/>
  <system-out/>
  <testcase classname="com.training.runner.Runner" name="runScenario" time="11.784"/>
  <system-out/>
  <testcase classname="com.training.runner.Runner" name="runScenario" time="5.137"/>
  <system-out/>
  <testcase classname="com.training.runner.Runner" name="runScenario" time="4.127"/>
  <system-out/>
</testsuite> <!-- com.training.runner.Runner -->
